Compiling the C compiler identification source file "CMakeCCompilerId.c" failed.
Compiler: /opt/nordic/ncs/toolchains/v2.1.1/opt/zephyr-sdk/arm-zephyr-eabi/bin/arm-zephyr-eabi-gcc 
Build flags: 
Id flags:  

The output was:
1
/opt/nordic/ncs/toolchains/v2.1.1/opt/zephyr-sdk/arm-zephyr-eabi/bin/../lib/gcc/arm-zephyr-eabi/10.3.0/../../../../arm-zephyr-eabi/bin/ld: /opt/nordic/ncs/toolchains/v2.1.1/opt/zephyr-sdk/arm-zephyr-eabi/bin/../lib/gcc/arm-zephyr-eabi/10.3.0/../../../../arm-zephyr-eabi/lib/libc.a(lib_a-exit.o): in function `exit':
exit.c:(.text.exit+0x34): undefined reference to `_exit'
collect2: error: ld returned 1 exit status


Compiling the CXX compiler identification source file "CMakeCXXCompilerId.cpp" failed.
Compiler: /opt/nordic/ncs/toolchains/v2.1.1/opt/zephyr-sdk/arm-zephyr-eabi/bin/arm-zephyr-eabi-g++ 
Build flags: 
Id flags:  

The output was:
1
/opt/nordic/ncs/toolchains/v2.1.1/opt/zephyr-sdk/arm-zephyr-eabi/bin/../lib/gcc/arm-zephyr-eabi/10.3.0/../../../../arm-zephyr-eabi/bin/ld: /opt/nordic/ncs/toolchains/v2.1.1/opt/zephyr-sdk/arm-zephyr-eabi/bin/../lib/gcc/arm-zephyr-eabi/10.3.0/../../../../arm-zephyr-eabi/lib/libc.a(lib_a-exit.o): in function `exit':
exit.c:(.text.exit+0x34): undefined reference to `_exit'
collect2: error: ld returned 1 exit status


Performing C SOURCE FILE Test check_mstack_protector_guard_global_C__nostartfiles__nostdlib__isystem___opt_nordic_ncs_toolchains_v2_1_1_opt_zephyr_sdk_arm_zephyr_eabi_bin____lib_gcc_arm_zephyr_eabi_10_3_0_include___isystem___opt_nordic_ncs_toolchains_v2_1_1_opt_zephyr_sdk_arm_zephyr_eabi_bin____lib_gcc_arm_zephyr_eabi_10_3_0_include_fixed___Wl___unresolved_symbols_ignore_in_object_files__Wl___entry_0 failed with the following output:
Change Dir: /Users/leif/Code/src/github/leifeggenfellner/nordic-orbit-course/remote_controller/build/CMakeFiles/CMakeTmp

Run Build Command(s):/opt/nordic/ncs/toolchains/v2.1.1/bin/ninja cmTC_591f2 && [1/2] Building C object CMakeFiles/cmTC_591f2.dir/src.c.obj
FAILED: CMakeFiles/cmTC_591f2.dir/src.c.obj 
/opt/nordic/ncs/toolchains/v2.1.1/opt/zephyr-sdk/arm-zephyr-eabi/bin/arm-zephyr-eabi-gcc -Dcheck_mstack_protector_guard_global_C__nostartfiles__nostdlib__isystem___opt_nordic_ncs_toolchains_v2_1_1_opt_zephyr_sdk_arm_zephyr_eabi_bin____lib_gcc_arm_zephyr_eabi_10_3_0_include___isystem___opt_nordic_ncs_toolchains_v2_1_1_opt_zephyr_sdk_arm_zephyr_eabi_bin____lib_gcc_arm_zephyr_eabi_10_3_0_include_fixed___Wl___unresolved_symbols_ignore_in_object_files__Wl___entry_0  -nostartfiles -nostdlib -isystem "/opt/nordic/ncs/toolchains/v2.1.1/opt/zephyr-sdk/arm-zephyr-eabi/bin/../lib/gcc/arm-zephyr-eabi/10.3.0/include" -isystem "/opt/nordic/ncs/toolchains/v2.1.1/opt/zephyr-sdk/arm-zephyr-eabi/bin/../lib/gcc/arm-zephyr-eabi/10.3.0/include-fixed" -Wl,--unresolved-symbols=ignore-in-object-files -Wl,--entry=0   -mstack-protector-guard=global -o CMakeFiles/cmTC_591f2.dir/src.c.obj -c src.c
arm-zephyr-eabi-gcc: error: unrecognized command-line option '-mstack-protector-guard=global'; did you mean '-fstack-protector-all'?
ninja: build stopped: subcommand failed.


Source file was:
int main(void) { return 0; }
Performing C SOURCE FILE Test check_C__nostartfiles__nostdlib__isystem___opt_nordic_ncs_toolchains_v2_1_1_opt_zephyr_sdk_arm_zephyr_eabi_bin____lib_gcc_arm_zephyr_eabi_10_3_0_include___isystem___opt_nordic_ncs_toolchains_v2_1_1_opt_zephyr_sdk_arm_zephyr_eabi_bin____lib_gcc_arm_zephyr_eabi_10_3_0_include_fixed___Wl___unresolved_symbols_ignore_in_object_files__Wl___entry_0__lasan failed with the following output:
Change Dir: /Users/leif/Code/src/github/leifeggenfellner/nordic-orbit-course/remote_controller/build/CMakeFiles/CMakeTmp

Run Build Command(s):/opt/nordic/ncs/toolchains/v2.1.1/bin/ninja cmTC_11018 && [1/2] Building C object CMakeFiles/cmTC_11018.dir/src.c.obj
[2/2] Linking C executable cmTC_11018
FAILED: cmTC_11018 
: && /opt/nordic/ncs/toolchains/v2.1.1/opt/zephyr-sdk/arm-zephyr-eabi/bin/arm-zephyr-eabi-gcc -nostartfiles -nostdlib -isystem "/opt/nordic/ncs/toolchains/v2.1.1/opt/zephyr-sdk/arm-zephyr-eabi/bin/../lib/gcc/arm-zephyr-eabi/10.3.0/include" -isystem "/opt/nordic/ncs/toolchains/v2.1.1/opt/zephyr-sdk/arm-zephyr-eabi/bin/../lib/gcc/arm-zephyr-eabi/10.3.0/include-fixed" -Wl,--unresolved-symbols=ignore-in-object-files -Wl,--entry=0 -lasan  CMakeFiles/cmTC_11018.dir/src.c.obj -o cmTC_11018   && :
/opt/nordic/ncs/toolchains/v2.1.1/opt/zephyr-sdk/arm-zephyr-eabi/bin/../lib/gcc/arm-zephyr-eabi/10.3.0/../../../../arm-zephyr-eabi/bin/ld: cannot find -lasan
collect2: error: ld returned 1 exit status
ninja: build stopped: subcommand failed.


Source file was:
int main(void) { return 0; }
